<?xml version="1.0" encoding="UTF-8"?>
<!-- Generated by org.testng.reporters.JUnitXMLReporter -->
<testsuite ignored="0" hostname="Anaaya_Laptop" failures="1" tests="1" name="Login Test" time="4.618" errors="0" timestamp="2026-09-07T16:25:03 IST">
  <testcase classname="tests.LoginTest" name="loginTest" time="0.013">
    <failure type="java.lang.Error" message="Unresolved compilation problem: 
	The field BaseClass.driver is not visible
">
      <![CDATA[java.lang.Error: Unresolved compilation problem: 
The field BaseClass.driver is not visible

at tests.LoginTest.loginTest(LoginTest.java:17)
at java.base/java.util.ArrayList.forEach(ArrayList.java:1596)
... Removed 25 stack frames]]>
    </failure>
  </testcase> <!-- loginTest -->
</testsuite> <!-- Login Test -->
