<?xml version="1.0" encoding="UTF-8"?>
<testng-results ignored="0" total="1" passed="1" failed="0" skipped="0">
  <reporter-output>
  </reporter-output>
  <suite started-at="2026-09-08T16:01:37 IST" name="Selenium Test Suite" finished-at="2026-09-08T16:01:44 IST" duration-ms="7424">
    <groups>
    </groups>
    <test started-at="2026-09-08T16:01:37 IST" name="Login Test" finished-at="2026-09-08T16:01:44 IST" duration-ms="7424">
      <class name="tests.LoginTest">
        <test-method is-config="true" signature="setUp()[pri:0, instance:tests.LoginTest@3835c46]" started-at="2026-09-08T16:01:37 IST" name="setUp" finished-at="2026-09-08T16:01:42 IST" duration-ms="5456" status="PASS">
          <reporter-output>
          </reporter-output>
        </test-method> <!-- setUp -->
        <test-method signature="loginTest()[pri:0, instance:tests.LoginTest@3835c46]" started-at="2026-09-08T16:01:42 IST" name="loginTest" finished-at="2026-09-08T16:01:42 IST" duration-ms="26" status="PASS">
          <reporter-output>
          </reporter-output>
        </test-method> <!-- loginTest -->
        <test-method is-config="true" signature="tearDown()[pri:0, instance:tests.LoginTest@3835c46]" started-at="2026-09-08T16:01:42 IST" name="tearDown" finished-at="2026-09-08T16:01:44 IST" duration-ms="1881" status="PASS">
          <reporter-output>
          </reporter-output>
        </test-method> <!-- tearDown -->
      </class> <!-- tests.LoginTest -->
    </test> <!-- Login Test -->
  </suite> <!-- Selenium Test Suite -->
</testng-results>
