<?xml version="1.0" encoding="UTF-8"?>
<testng-results ignored="0" total="1" passed="1" failed="0" skipped="0">
  <reporter-output>
  </reporter-output>
  <suite started-at="2026-08-20T14:41:21 IST" name="Surefire suite" finished-at="2026-08-20T14:41:25 IST" duration-ms="3714">
    <groups>
    </groups>
    <test started-at="2026-08-20T14:41:21 IST" name="Surefire test" finished-at="2026-08-20T14:41:25 IST" duration-ms="3714">
      <class name="tests.LoginTest">
        <test-method is-config="true" signature="setUp(java.lang.String)[pri:0, instance:tests.LoginTest@5dd6264]" started-at="2026-08-20T14:41:21 IST" name="setUp" finished-at="2026-08-20T14:41:24 IST" duration-ms="3048" status="PASS">
          <params>
            <param index="0">
              <value>
                <![CDATA[edge]]>
              </value>
            </param>
          </params>
          <reporter-output>
          </reporter-output>
        </test-method> <!-- setUp -->
        <test-method signature="googleTest()[pri:0, instance:tests.LoginTest@5dd6264]" started-at="2026-08-20T14:41:24 IST" name="googleTest" finished-at="2026-08-20T14:41:24 IST" duration-ms="32" status="PASS">
          <reporter-output>
          </reporter-output>
        </test-method> <!-- googleTest -->
        <test-method is-config="true" signature="tearDown()[pri:0, instance:tests.LoginTest@5dd6264]" started-at="2026-08-20T14:41:24 IST" name="tearDown" finished-at="2026-08-20T14:41:25 IST" duration-ms="575" status="PASS">
          <reporter-output>
          </reporter-output>
        </test-method> <!-- tearDown -->
      </class> <!-- tests.LoginTest -->
    </test> <!-- Surefire test -->
  </suite> <!-- Surefire suite -->
</testng-results>
