<?xml version="1.0" encoding="UTF-8"?>
<testng-results ignored="0" total="1" passed="1" failed="0" skipped="0">
  <reporter-output>
  </reporter-output>
  <suite started-at="2026-09-08T15:38:10 IST" name="Selenium Test Suite" finished-at="2026-09-08T15:38:13 IST" duration-ms="3686">
    <groups>
    </groups>
    <test started-at="2026-09-08T15:38:10 IST" name="Login Test" finished-at="2026-09-08T15:38:13 IST" duration-ms="3686">
      <class name="tests.LoginTest">
        <test-method is-config="true" signature="setUp(java.lang.String)[pri:0, instance:tests.LoginTest@3c41ed1d]" started-at="2026-09-08T15:38:10 IST" name="setUp" finished-at="2026-09-08T15:38:13 IST" duration-ms="3186" status="PASS">
          <params>
            <param index="0">
              <value>
                <![CDATA[chrome]]>
              </value>
            </param>
          </params>
          <reporter-output>
          </reporter-output>
        </test-method> <!-- setUp -->
        <test-method signature="loginTest()[pri:0, instance:tests.LoginTest@3c41ed1d]" started-at="2026-09-08T15:38:13 IST" name="loginTest" finished-at="2026-09-08T15:38:13 IST" duration-ms="59" status="PASS">
          <reporter-output>
          </reporter-output>
        </test-method> <!-- loginTest -->
        <test-method is-config="true" signature="tearDown()[pri:0, instance:tests.LoginTest@3c41ed1d]" started-at="2026-09-08T15:38:13 IST" name="tearDown" finished-at="2026-09-08T15:38:13 IST" duration-ms="380" status="PASS">
          <reporter-output>
          </reporter-output>
        </test-method> <!-- tearDown -->
      </class> <!-- tests.LoginTest -->
    </test> <!-- Login Test -->
  </suite> <!-- Selenium Test Suite -->
</testng-results>
