<?xml version="1.0" encoding="UTF-8"?>
<testng-results ignored="0" total="1" passed="1" failed="0" skipped="0">
  <reporter-output>
  </reporter-output>
  <suite started-at="2026-09-03T15:33:33 IST" name="Cross Browser Suite" finished-at="2026-09-03T15:33:36 IST" duration-ms="3074">
    <groups>
    </groups>
    <test started-at="2026-09-03T15:33:33 IST" name="Login Tests" finished-at="2026-09-03T15:33:36 IST" duration-ms="3074">
      <class name="tests.LoginTest">
        <test-method is-config="true" signature="setUp()[pri:0, instance:tests.LoginTest@65fb9ffc]" started-at="2026-09-03T15:33:33 IST" name="setUp" finished-at="2026-09-03T15:33:36 IST" duration-ms="2740" status="PASS">
          <reporter-output>
          </reporter-output>
        </test-method> <!-- setUp -->
        <test-method signature="googleTest()[pri:0, instance:tests.LoginTest@65fb9ffc]" started-at="2026-09-03T15:33:36 IST" name="googleTest" finished-at="2026-09-03T15:33:36 IST" duration-ms="34" status="PASS">
          <reporter-output>
          </reporter-output>
        </test-method> <!-- googleTest -->
        <test-method is-config="true" signature="tearDown()[pri:0, instance:tests.LoginTest@65fb9ffc]" started-at="2026-09-03T15:33:36 IST" name="tearDown" finished-at="2026-09-03T15:33:36 IST" duration-ms="245" status="PASS">
          <reporter-output>
          </reporter-output>
        </test-method> <!-- tearDown -->
      </class> <!-- tests.LoginTest -->
    </test> <!-- Login Tests -->
  </suite> <!-- Cross Browser Suite -->
</testng-results>
