<?xml version="1.0" encoding="UTF-8"?>
<!-- Generated by org.testng.reporters.JUnitReportReporter -->
<testsuite hostname="Anaaya_Laptop" failures="0" tests="3" name="tests.LoginTest" time="34.089" errors="0" timestamp="2026-08-20T14:36:51 IST" skipped="0">
  <testcase classname="tests.LoginTest" name="googleTest" time="10.936"/>
  <testcase classname="tests.LoginTest" name="googleTest" time="11.071"/>
  <testcase classname="tests.LoginTest" name="googleTest" time="12.082"/>
</testsuite> <!-- tests.LoginTest -->
