<?xml version="1.0" encoding="UTF-8"?>
<!-- Generated by org.testng.reporters.JUnitReportReporter -->
<testsuite hostname="Anaaya_Laptop" failures="0" tests="3" name="tests.LoginTest" time="13.211" errors="0" timestamp="2026-09-07T12:45:35 IST" skipped="0">
  <testcase classname="tests.LoginTest" name="loginTest" time="2.116"/>
  <testcase classname="tests.LoginTest" name="loginTest" time="7.244"/>
  <testcase classname="tests.LoginTest" name="loginTest" time="3.851"/>
</testsuite> <!-- tests.LoginTest -->
